mvApp/proguard/seeds.txt
com.mageventory.MyApplication
com.mageventory.MyApplication: MyApplication()
com.mageventory.R$anim: int slide_in_bottom
com.mageventory.R$anim: int slide_out_top
com.mageventory.R$array: int help_items_text
com.mageventory.R$array: int help_items_urls
com.mageventory.R$array: int safe_errors
com.mageventory.R$array: int status_entries
com.mageventory.R$array: int status_entry_values
com.mageventory.R$attr: int fontPath
com.mageventory.R$attr: int handle
com.mageventory.R$attr: int horizontalSpacing
com.mageventory.R$attr: int layout_breakLine
com.mageventory.R$attr: int layout_horizontalSpacing
com.mageventory.R$attr: int primaryContent
com.mageventory.R$attr: int secondaryContent
com.mageventory.R$attr: int verticalSpacing
com.mageventory.R$bool: int ga_autoActivityTracking
com.mageventory.R$bool: int ga_reportUncaughtExceptions
com.mageventory.R$color: int attr_set_label_color_error
com.mageventory.R$color: int attr_set_label_color_loading
com.mageventory.R$color: int button
com.mageventory.R$color: int custom_attribute_marked_background
com.mageventory.R$color: int custom_attribute_required_marked_background
com.mageventory.R$color: int default_text
com.mageventory.R$color: int gesture_color
com.mageventory.R$color: int gesture_hint_border_color
com.mageventory.R$color: int gesture_hint_gesture_color
com.mageventory.R$color: int gesture_hint_gesture_start_color
com.mageventory.R$color: int gesture_hint_text_color
com.mageventory.R$color: int gesture_start_color
com.mageventory.R$color: int gray_dark_semi_transparent_begin
com.mageventory.R$color: int gray_dark_semi_transparent_end
com.mageventory.R$color: int gray_semi_transparent_begin
com.mageventory.R$color: int gray_semi_transparent_end
com.mageventory.R$color: int help_header_color
com.mageventory.R$color: int home_thumb_group_border
com.mageventory.R$color: int home_thumb_processed_overlay
com.mageventory.R$color: int home_thumb_unselected_border
com.mageventory.R$color: int loading_text
com.mageventory.R$color: int main_upload_dialog_red_text
com.mageventory.R$color: int menu_background
com.mageventory.R$color: int menu_foreground
com.mageventory.R$color: int order_list_gray
com.mageventory.R$color: int order_list_gray_bg
com.mageventory.R$color: int overlay_black
com.mageventory.R$color: int overlay_black2
com.mageventory.R$dimen: int camera_sync_qr_code_height
com.mageventory.R$dimen: int camera_sync_qr_code_width
com.mageventory.R$dimen: int default_widget_interval
com.mageventory.R$dimen: int gesture_hint_column_width
com.mageventory.R$dimen: int gesture_hint_element_border_width
com.mageventory.R$dimen: int gesture_hint_grid_padding
com.mageventory.R$dimen: int gesture_hint_thumbnail_inset
com.mageventory.R$dimen: int gesture_hint_thumbnail_size
com.mageventory.R$dimen: int gesture_thumbnail_inset
com.mageventory.R$dimen: int gesture_thumbnail_size
com.mageventory.R$dimen: int home_thumbnail_border
com.mageventory.R$dimen: int home_thumbnail_container_margin
com.mageventory.R$dimen: int home_thumbnail_container_size_with_top_bottom_margin
com.mageventory.R$dimen: int home_thumbnail_container_top_margin
com.mageventory.R$dimen: int home_thumbnail_group_border
com.mageventory.R$dimen: int home_thumbnail_size
com.mageventory.R$dimen: int home_thumbnail_spacing
com.mageventory.R$dimen: int home_thumbnail_text
com.mageventory.R$dimen: int home_thumbnail_with_border_size
com.mageventory.R$dimen: int horizontal_divider_margin
com.mageventory.R$dimen: int library_item_border
com.mageventory.R$dimen: int library_item_size
com.mageventory.R$dimen: int library_item_spacing
com.mageventory.R$dimen: int product_details_thumbnail_size
com.mageventory.R$dimen: int vertical_divider_margin
com.mageventory.R$dimen: int web_min_item_size
...
com.google.analytics.containertag.proto.Debug$DataLayerEventEvaluationInfo: java.lang.Object writeReplace()
com.google.analytics.containertag.proto.Debug$DebugEvents: java.lang.Object writeReplace()
com.google.analytics.containertag.proto.Debug$EventInfo: java.lang.Object writeReplace()
com.google.analytics.containertag.proto.Debug$EventInfo$EventType: com.google.analytics.containertag.proto.Debug$EventInfo$EventType DATA_LAYER_EVENT
com.google.analytics.containertag.proto.Debug$EventInfo$EventType: com.google.analytics.containertag.proto.Debug$EventInfo$EventType MACRO_REFERENCE
com.google.analytics.containertag.proto.Debug$EventInfo$EventType: int DATA_LAYER_EVENT_VALUE
com.google.analytics.containertag.proto.Debug$EventInfo$EventType: int MACRO_REFERENCE_VALUE
com.google.analytics.containertag.proto.Debug$EventInfo$EventType: com.google.tagmanager.protobuf.Internal$EnumLiteMap internalValueMap
com.google.analytics.containertag.proto.Debug$EventInfo$EventType: int value
com.google.analytics.containertag.proto.Debug$EventInfo$EventType: com.google.analytics.containertag.proto.Debug$EventInfo$EventType[] $VALUES
com.google.analytics.containertag.proto.Debug$EventInfo$EventType: com.google.analytics.containertag.proto.Debug$EventInfo$EventType[] values()
com.google.analytics.containertag.proto.Debug$EventInfo$EventType: com.google.analytics.containertag.proto.Debug$EventInfo$EventType valueOf(java.lang.String)
com.google.analytics.containertag.proto.Debug$MacroEvaluationInfo: java.lang.Object writeReplace()
com.google.analytics.containertag.proto.Debug$ResolvedFunctionCall: java.lang.Object writeReplace()
com.google.analytics.containertag.proto.Debug$ResolvedProperty: java.lang.Object writeReplace()
com.google.analytics.containertag.proto.Debug$ResolvedRule: java.lang.Object writeReplace()
com.google.analytics.containertag.proto.Debug$RuleEvaluationStepInfo: java.lang.Object writeReplace()
com.google.analytics.containertag.proto.MutableDebug$DataLayerEventEvaluationInfo: java.lang.Object writeReplace()
com.google.analytics.containertag.proto.MutableDebug$DebugEvents: java.lang.Object writeReplace()
com.google.analytics.containertag.proto.MutableDebug$EventInfo: java.lang.Object writeReplace()
com.google.analytics.containertag.proto.MutableDebug$EventInfo$EventType: com.google.analytics.containertag.proto.MutableDebug$EventInfo$EventType DATA_LAYER_EVENT
com.google.analytics.containertag.proto.MutableDebug$EventInfo$EventType: com.google.analytics.containertag.proto.MutableDebug$EventInfo$EventType MACRO_REFERENCE
com.google.analytics.containertag.proto.MutableDebug$EventInfo$EventType: int DATA_LAYER_EVENT_VALUE
com.google.analytics.containertag.proto.MutableDebug$EventInfo$EventType: int MACRO_REFERENCE_VALUE
com.google.analytics.containertag.proto.MutableDebug$EventInfo$EventType: com.google.tagmanager.protobuf.Internal$EnumLiteMap internalValueMap
com.google.analytics.containertag.proto.MutableDebug$EventInfo$EventType: int value
com.google.analytics.containertag.proto.MutableDebug$EventInfo$EventType: com.google.analytics.containertag.proto.MutableDebug$EventInfo$EventType[] $VALUES
com.google.analytics.containertag.proto.MutableDebug$EventInfo$EventType: com.google.analytics.containertag.proto.MutableDebug$EventInfo$EventType[] values()
com.google.analytics.containertag.proto.MutableDebug$EventInfo$EventType: com.google.analytics.containertag.proto.MutableDebug$EventInfo$EventType valueOf(java.lang.String)
com.google.analytics.containertag.proto.MutableDebug$MacroEvaluationInfo: java.lang.Object writeReplace()
com.google.analytics.containertag.proto.MutableDebug$ResolvedFunctionCall: java.lang.Object writeReplace()
com.google.analytics.containertag.proto.MutableDebug$ResolvedProperty: java.lang.Object writeReplace()
com.google.analytics.containertag.proto.MutableDebug$ResolvedRule: java.lang.Object writeReplace()
com.google.analytics.containertag.proto.MutableDebug$RuleEvaluationStepInfo: java.lang.Object writeReplace()