mvApp/proguard/mapping.txt
com.mageventory.MageventoryRuntimeException -> com.mageventory.a:
com.mageventory.MyApplication -> com.mageventory.MyApplication:
    com.mageventory.util.ExternalImageUploader_deprecated mExternalImageUploader -> a
    com.mageventory.MyApplication instance -> b
    61:61:android.content.Context getContext() -> a
    88:101:void onCreate() -> onCreate
    105:141:void configure() -> b
com.mageventory.MyApplication$ApplicationExceptionHandler -> com.mageventory.b:
    java.lang.Thread$UncaughtExceptionHandler defaultUEH -> b
    com.mageventory.MyApplication this$0 -> a
    74:76:void uncaughtException(java.lang.Thread,java.lang.Throwable) -> uncaughtException
com.mageventory.R -> com.mageventory.c:
com.mageventory.R$styleable -> com.mageventory.d:
    int[] FlowLayout -> FlowLayout
    int FlowLayout_horizontalSpacing -> FlowLayout_horizontalSpacing
    int FlowLayout_verticalSpacing -> FlowLayout_verticalSpacing
    int[] FlowLayout_LayoutParams -> FlowLayout_LayoutParams
    int FlowLayout_LayoutParams_layout_breakLine -> FlowLayout_LayoutParams_layout_breakLine
    int FlowLayout_LayoutParams_layout_horizontalSpacing -> FlowLayout_LayoutParams_layout_horizontalSpacing
    int[] SplitView -> SplitView
    int SplitView_handle -> SplitView_handle
    int SplitView_primaryContent -> SplitView_primaryContent
    int SplitView_secondaryContent -> SplitView_secondaryContent
com.mageventory.activity.AbsProductActivity -> com.mageventory.activity.AbsProductActivity:
    java.lang.String TAG -> n
    com.mageventory.util.concurent.SerialExecutor sBookInfoLoaderExecutor -> o
    android.widget.TextView attrFormatterStringV -> p
    android.view.LayoutInflater inflater -> q
    android.widget.LinearLayout container -> r
    android.view.View atrListWrapperV -> s
    android.view.ViewGroup atrListV -> t
    android.widget.EditText attributeSetV -> u
    android.widget.TextView atrSetLabelV -> v
    int mDefaultAttrSetLabelVColor -> U
    android.widget.TextView atrListLabelV -> w
    com.mageventory.util.loading.GenericMultilineViewLoadingControl mOverlayLoadingControl -> x
    com.mageventory.util.LoadingControl newOptionPendingLoadingControl -> y
    android.widget.LinearLayout layoutSKUcheckPending -> z
    android.widget.LinearLayout layoutBarcodeCheckPending -> A
    android.view.ViewGroup mSkuContainer -> V
    android.view.ViewGroup mBarcodeContainer -> W
    android.view.ViewGroup mWeightContainer -> X
    android.view.ViewGroup mNameContainer -> Y
    android.view.ViewGroup mShortDescriptionContainer -> Z
    android.view.ViewGroup mDescriptionContainer -> aa
    android.widget.EditText priceV -> B
    com.mageventory.model.util.ProductUtils$PriceInputFieldHandler priceHandler -> C
    android.widget.EditText quantityV -> D
com.mageventory.activity.AbsProductActivity$1 -> com.mageventory.activity.a:
    com.mageventory.activity.AbsProductActivity this$0 -> a
    375:379:void onPriceEditDone(java.lang.Double,java.lang.Double,java.util.Date,java.util.Date) -> a
com.mageventory.activity.AbsProductActivity$10 -> com.mageventory.activity.b:
    com.mageventory.activity.AbsProductActivity this$0 -> a
    1825:1826:void onClick(android.content.DialogInterface,int) -> onClick
com.mageventory.activity.AbsProductActivity$11 -> com.mageventory.activity.c:
    com.mageventory.activity.AbsProductActivity this$0 -> a
    1833:1833:void onClick(android.content.DialogInterface,int) -> onClick
com.mageventory.activity.AbsProductActivity$12 -> com.mageventory.activity.d:
    com.mageventory.activity.AbsProductActivity this$0 -> a
    boolean val$isBarcode -> b
    java.lang.String val$code -> c
    1865:1871:void onClick(android.content.DialogInterface,int) -> onClick
...
com.google.tagmanager.protobuf.UnmodifiableLazyStringList$2 -> com.google.tagmanager.a.bo:
    java.util.Iterator iter -> a
    com.google.tagmanager.protobuf.UnmodifiableLazyStringList this$0 -> b
    137:137:boolean hasNext() -> hasNext
    142:142:java.lang.String next() -> a
    147:147:void remove() -> remove
    132:132:java.lang.Object next() -> next
com.google.tagmanager.protobuf.Utf8 -> com.google.tagmanager.a.bp:
    80:80:boolean isValidUtf8(byte[]) -> a
    93:93:boolean isValidUtf8(byte[],int,int) -> a
    116:199:int partialIsValidUtf8(int,byte[],int,int) -> a
    223:227:int partialIsValidUtf8(byte[],int,int) -> b
    238:290:int partialIsValidUtf8NonAscii(byte[],int,int) -> c
    294:294:int incompleteStateFor(int) -> a
    299:299:int incompleteStateFor(int,int) -> a
    305:305:int incompleteStateFor(int,int,int) -> a
    312:317:int incompleteStateFor(byte[],int,int) -> d
com.google.tagmanager.protobuf.WireFormat -> com.google.tagmanager.a.bq:
    int MESSAGE_SET_ITEM_TAG -> a
    int MESSAGE_SET_ITEM_END_TAG -> b
    int MESSAGE_SET_TYPE_ID_TAG -> c
    int MESSAGE_SET_MESSAGE_TAG -> d
    32:32:int getTagWireType(int) -> a
    37:37:int getTagFieldNumber(int) -> b
    42:42:int makeTag(int,int) -> a
com.google.tagmanager.protobuf.WireFormat$1 -> com.google.tagmanager.a.br:
com.google.tagmanager.protobuf.WireFormat$FieldType -> com.google.tagmanager.a.bs:
    com.google.tagmanager.protobuf.WireFormat$FieldType DOUBLE -> DOUBLE
    com.google.tagmanager.protobuf.WireFormat$FieldType FLOAT -> FLOAT
    com.google.tagmanager.protobuf.WireFormat$FieldType INT64 -> INT64
    com.google.tagmanager.protobuf.WireFormat$FieldType UINT64 -> UINT64
    com.google.tagmanager.protobuf.WireFormat$FieldType INT32 -> INT32
    com.google.tagmanager.protobuf.WireFormat$FieldType FIXED64 -> FIXED64
    com.google.tagmanager.protobuf.WireFormat$FieldType FIXED32 -> FIXED32
    com.google.tagmanager.protobuf.WireFormat$FieldType BOOL -> BOOL
    com.google.tagmanager.protobuf.WireFormat$FieldType STRING -> STRING
    com.google.tagmanager.protobuf.WireFormat$FieldType GROUP -> GROUP
    com.google.tagmanager.protobuf.WireFormat$FieldType MESSAGE -> MESSAGE
    com.google.tagmanager.protobuf.WireFormat$FieldType BYTES -> BYTES
    com.google.tagmanager.protobuf.WireFormat$FieldType UINT32 -> UINT32
    com.google.tagmanager.protobuf.WireFormat$FieldType ENUM -> ENUM
    com.google.tagmanager.protobuf.WireFormat$FieldType SFIXED32 -> SFIXED32
    com.google.tagmanager.protobuf.WireFormat$FieldType SFIXED64 -> SFIXED64
    com.google.tagmanager.protobuf.WireFormat$FieldType SINT32 -> SINT32
    com.google.tagmanager.protobuf.WireFormat$FieldType SINT64 -> SINT64
    com.google.tagmanager.protobuf.WireFormat$JavaType javaType -> javaType
com.google.tagmanager.protobuf.WireFormat$FieldType$1 -> com.google.tagmanager.a.bt:
    89:89:boolean isPackable() -> c
com.google.tagmanager.protobuf.WireFormat$FieldType$2 -> com.google.tagmanager.a.bu:
    92:92:boolean isPackable() -> c
com.google.tagmanager.protobuf.WireFormat$FieldType$3 -> com.google.tagmanager.a.bv:
    95:95:boolean isPackable() -> c
com.google.tagmanager.protobuf.WireFormat$FieldType$4 -> com.google.tagmanager.a.bw:
    98:98:boolean isPackable() -> c