mvApp/proguard/usage.txt
com.mageventory.BuildConfig
com.mageventory.MageventoryConstants
com.mageventory.MageventoryRuntimeException:
    private static final long serialVersionUID
    57:58:public MageventoryRuntimeException(java.lang.Throwable)
com.mageventory.MyApplication:
    public static final java.lang.String APP_DIR_NAME
    81:82:public static com.mageventory.util.ExternalImageUploader_deprecated getExternalImageUploader(android.app.Activity)
com.mageventory.R:
    10:10:public R()
com.mageventory.R$anim
com.mageventory.R$array
com.mageventory.R$attr
com.mageventory.R$bool
com.mageventory.R$color
com.mageventory.R$dimen
com.mageventory.R$drawable
com.mageventory.R$id
com.mageventory.R$integer
com.mageventory.R$layout
com.mageventory.R$menu
com.mageventory.R$raw
com.mageventory.R$string
com.mageventory.R$style
com.mageventory.R$styleable:
    1398:1398:public R$styleable()
com.mageventory.activity.AbsProductActivity:
    public static final int SCAN_ATTRIBUTE_TEXT
    public static final int SCAN_ANOTHER_PRODUCT_CODE
    public static final java.lang.String EXTRA_PREDEFINED_ATTRIBUTES
    public static final java.lang.String EXTRA_LINK_WITH_SKU
    public static final java.lang.String EXTRA_ALLOW_TO_EDIT
    1185:1187:protected void setSpecialAttributeValueFromProduct(java.lang.String,com.mageventory.model.Product,boolean)
com.mageventory.activity.AbsProductActivity$ProductInfoLoader:
    2720:2720:public boolean isCheckBarcode()
com.mageventory.activity.AbsProductActivity$RecentWebAddressesAdapter
com.mageventory.activity.AbsProductActivity$SpecialPricesData
com.mageventory.activity.CameraTimeSyncActivity:
    public static final java.lang.String TIMESTAMP_CODE_PREFIX
com.mageventory.activity.ConfigServerActivity:
    public static final java.lang.String ADD_PROFILE_EXTRA
    public static final java.lang.String OPEN_STARTING_ACTIVITY_IF_SCAN_PROFILE_CANCELED_EXTRA
com.mageventory.activity.ExternalImagesEditActivity:
    private static final java.lang.String CURRENT_IMAGE_PATH_BUNDLE_KEY
    private static final int ANIMATION_LENGTH_MILLIS
    private static final float FLING_DETECTION_THRESHOLD
    private static final int CONTEXT_MENU_READSKU
    private static final int CONTEXT_MENU_SAVE
    private static final int CONTEXT_MENU_SKIP
    private static final int CONTEXT_MENU_UNDO
    private static final int CONTEXT_MENU_CANCEL
    private static final int CONTEXT_MENU_CROP
    private static final int CONTEXT_MENU_UPLOAD_REVIEWED
    private static final int CONTEXT_MENU_EXIT
    private static final int UPLOAD_IMAGES_DIALOG
    private static final int FAILED_SKU_DECODING_DIALOG
    private static final int ILLEGAL_CODE_DIALOG
    private static final int DELETE_SKIPPED_IMAGES_DIALOG
    private static final int NO_IMAGES_TO_REVIEW_OR_UPLOAD_DIALOG
    private static final int NO_IMAGES_TO_UPLOAD_DIALOG
    private static final int JUST_DELETE_SKIPPED_IMAGES_DIALOG
    private android.app.ProgressDialog mProgressDialog
    private static final java.lang.String TAG
    174:179:public void dismissProgressDialog()
    183:212:public void showProgressDialog(java.lang.String,com.mageventory.tasks.ErrorReportCreation)
    154:154:static synthetic android.app.ProgressDialog access$0(com.mageventory.activity.ExternalImagesEditActivity)
com.mageventory.activity.ExternalImagesEditActivity$2
com.mageventory.activity.ExternalImagesEditActivity$3
com.mageventory.activity.LibraryActivity:
    public static final java.lang.String IMAGE_URLS
com.mageventory.activity.LibraryActivity$LibraryUiFragment:
    static final int MAX_FILTER_ADAPTER_CAPACITY
com.mageventory.activity.MainActivity:
    public static final int SCAN_QR_CODE
    static final java.lang.String THUMBS_CACHE_PATH
    static final java.lang.String REFRESH_PRESSED
    static final int RECENT_PRODUCTS_LIST_CAPACITY
    android.app.ProgressDialog pDialog
...
com.google.analytics.containertag.proto.Serving$ResourceType
com.google.analytics.containertag.proto.Serving$ResourceType$1
com.google.analytics.containertag.proto.Serving$Rule:
    public static final int POSITIVE_PREDICATE_FIELD_NUMBER
    public static final int NEGATIVE_PREDICATE_FIELD_NUMBER
    public static final int ADD_TAG_FIELD_NUMBER
    public static final int REMOVE_TAG_FIELD_NUMBER
    public static final int ADD_TAG_RULE_NAME_FIELD_NUMBER
    public static final int REMOVE_TAG_RULE_NAME_FIELD_NUMBER
    public static final int ADD_MACRO_FIELD_NUMBER
    public static final int REMOVE_MACRO_FIELD_NUMBER
    public static final int ADD_MACRO_RULE_NAME_FIELD_NUMBER
    public static final int REMOVE_MACRO_RULE_NAME_FIELD_NUMBER
    private static final long serialVersionUID
    4041:4041:public int getPositivePredicate(int)
    4065:4065:public int getNegativePredicate(int)
    4089:4089:public int getAddTag(int)
    4113:4113:public int getRemoveTag(int)
    4137:4137:public int getAddTagRuleName(int)
    4161:4161:public int getRemoveTagRuleName(int)
    4185:4185:public int getAddMacro(int)
    4209:4209:public int getRemoveMacro(int)
    4233:4233:public int getAddMacroRuleName(int)
    4257:4257:public int getRemoveMacroRuleName(int)
    4515:4518:protected com.google.tagmanager.protobuf.MutableMessageLite internalMutableDefault()
    4524:4524:public static com.google.analytics.containertag.proto.Serving$Rule parseFrom(com.google.tagmanager.protobuf.ByteString)
com.google.analytics.containertag.proto.Serving$Rule$Builder:
    4602:4623:public com.google.analytics.containertag.proto.Serving$Rule$Builder clear()
    4839:4839:public java.util.List getPositivePredicateList()
    4845:4845:public int getPositivePredicateCount()
    4851:4851:public int getPositivePredicate(int)
    4858:4861:public com.google.analytics.containertag.proto.Serving$Rule$Builder setPositivePredicate(int,int)
    4867:4870:public com.google.analytics.containertag.proto.Serving$Rule$Builder addPositivePredicate(int)
    4877:4881:public com.google.analytics.containertag.proto.Serving$Rule$Builder addAllPositivePredicate(java.lang.Iterable)
    4887:4890:public com.google.analytics.containertag.proto.Serving$Rule$Builder clearPositivePredicate()
    4905:4905:public java.util.List getNegativePredicateList()
    4911:4911:public int getNegativePredicateCount()
    4917:4917:public int getNegativePredicate(int)
    4924:4927:public com.google.analytics.containertag.proto.Serving$Rule$Builder setNegativePredicate(int,int)
    4933:4936:public com.google.analytics.containertag.proto.Serving$Rule$Builder addNegativePredicate(int)
    4943:4947:public com.google.analytics.containertag.proto.Serving$Rule$Builder addAllNegativePredicate(java.lang.Iterable)
    4953:4956:public com.google.analytics.containertag.proto.Serving$Rule$Builder clearNegativePredicate()
    4971:4971:public java.util.List getAddTagList()
    4977:4977:public int getAddTagCount()